SF:lib/models/webimage.dart
DA:10,3
DA:19,2
DA:20,2
DA:21,2
DA:22,2
DA:23,2
DA:24,2
DA:25,2
DA:26,2
DA:30,4
DA:31,2
DA:32,2
DA:33,2
DA:34,2
DA:35,2
DA:36,2
LF:16
LH:16
end_of_record
SF:lib/widgets/imageCard.dart
DA:11,1
DA:18,1
DA:20,1
DA:21,1
DA:23,1
DA:25,1
DA:27,1
DA:28,1
DA:29,1
DA:36,1
DA:37,1
DA:39,1
DA:40,2
DA:44,1
DA:45,1
DA:46,2
DA:48,2
DA:49,1
DA:50,1
DA:53,1
DA:54,3
LF:21
LH:21
end_of_record
SF:lib/pages/favorites_page.dart
DA:8,1
DA:10,1
DA:11,1
DA:15,0
DA:16,0
DA:17,0
DA:21,1
DA:23,1
DA:24,1
DA:25,1
DA:34,1
DA:36,3
DA:37,1
DA:38,1
DA:41,1
DA:42,4
DA:43,4
DA:45,0
DA:46,0
LF:19
LH:14
end_of_record
SF:lib/models/webImageList.dart
DA:7,1
DA:11,0
DA:12,0
DA:13,0
DA:14,0
LF:5
LH:1
end_of_record
SF:lib/network/endpoints.dart
DA:9,1
DA:10,2
DA:14,1
DA:15,2
DA:19,1
DA:20,2
DA:24,1
DA:25,2
LF:8
LH:8
end_of_record
SF:lib/network/imageService.dart
DA:13,1
DA:16,1
DA:18,5
DA:19,2
DA:20,2
DA:21,4
DA:22,1
DA:24,2
DA:25,2
DA:28,1
DA:33,1
DA:35,1
DA:36,4
DA:37,2
DA:38,3
DA:40,0
DA:41,0
DA:45,0
LF:18
LH:15
end_of_record
